<?xml version="1.0" encoding="UTF-8"?>
<!-- Generated by org.testng.reporters.JUnitXMLReporter -->
<testsuite ignored="0" hostname="DESKTOP-6RNNSA7" failures="0" tests="4" name="Test" time="15.84" errors="0" timestamp="2024-06-19T22:38:18 IST">
  <testcase classname="day8.TestChaining1CreateUser" name="Creat_User" time="11.548"/>
  <testcase classname="day8.TestChaining2GetUser" name="Get_User" time="1.579"/>
  <testcase classname="day8.TestChaining3UpdateUser" name="Update_User" time="1.542"/>
  <testcase classname="day8.TestChaining4Deleteuser" name="Delete_User" time="0.911"/>
</testsuite> <!-- Test -->
