<?xml version="1.0" encoding="UTF-8"?>
<!-- Generated by org.testng.reporters.JUnitReportReporter -->
<testsuite hostname="DESKTOP-6RNNSA7" failures="0" tests="4" name="day1.HttpRequest" time="6.991" errors="0" timestamp="2024-06-09T17:03:14 IST" skipped="0">
  <testcase classname="day1.HttpRequest" name="deleteUser" time="2.827"/>
  <testcase classname="day1.HttpRequest" name="getUsers" time="1.785"/>
  <testcase classname="day1.HttpRequest" name="creatUser" time="1.740"/>
  <testcase classname="day1.HttpRequest" name="updateUser" time="0.639"/>
</testsuite> <!-- day1.HttpRequest -->
